<?xml version="1.0" encoding="UTF-8"?>
<!-- Generated by org.testng.reporters.JUnitXMLReporter -->
<testsuite hostname="Natarajan" name="Login" tests="24" failures="0" timestamp="17 Jun 2016 11:51:49 GMT" time="59.551" errors="0">
  <testcase name="TestStep" time="7.315" classname="execution.Data"/>
  <testcase name="TestStep" time="0.352" classname="execution.Data"/>
  <testcase name="TestStep" time="10.222" classname="execution.Data"/>
  <testcase name="TestStep" time="6.98" classname="execution.Data"/>
  <testcase name="TestStep" time="0.354" classname="execution.Data"/>
  <testcase name="TestStep" time="0.66" classname="execution.Data"/>
  <testcase name="TestStep" time="6.088" classname="execution.Data"/>
  <testcase name="TestStep" time="0.152" classname="execution.Data"/>
  <testcase name="TestStep" time="0.907" classname="execution.Data"/>
  <testcase name="TestStep" time="6.147" classname="execution.Data"/>
  <testcase name="TestStep" time="0.18" classname="execution.Data"/>
  <testcase name="TestStep" time="9.038" classname="execution.Data"/>
  <testcase name="TestStep" time="5.9" classname="execution.Data"/>
  <testcase name="TestStep" time="1.666" classname="execution.Data"/>
  <testcase name="TestStep" time="0.085" classname="execution.Data"/>
  <testcase name="TestStep" time="0.121" classname="execution.Data"/>
  <testcase name="TestStep" time="0.128" classname="execution.Data"/>
  <testcase name="TestStep" time="0.166" classname="execution.Data"/>
  <testcase name="TestStep" time="0.122" classname="execution.Data"/>
  <testcase name="TestStep" time="0.088" classname="execution.Data"/>
  <testcase name="TestStep" time="0.086" classname="execution.Data"/>
  <testcase name="TestStep" time="0.09" classname="execution.Data"/>
  <testcase name="TestStep" time="0.072" classname="execution.Data"/>
  <testcase name="TestStep" time="1.791" classname="execution.Data"/>
</testsuite> <!-- Login -->
